<?xml version="1.0" encoding="UTF-8"?>
<!-- Generated by org.testng.reporters.JUnitReportReporter -->
<testsuite hostname="Akash96" failures="0" tests="6" name="TestPackage.FbTestClass" time="110.929" errors="0" timestamp="2021-10-31T00:35:02 IST" skipped="0">
  <testcase classname="TestPackage.FbTestClass" name="verifyWatch" time="11.996"/>
  <system-out/>
  <testcase classname="TestPackage.FbTestClass" name="verifyWatch" time="18.984"/>
  <system-out/>
  <testcase classname="TestPackage.FbTestClass" name="testpost" time="28.661"/>
  <system-out/>
  <testcase classname="TestPackage.FbTestClass" name="testpost" time="16.249"/>
  <system-out/>
  <testcase classname="TestPackage.FbTestClass" name="testProfile" time="13.491"/>
  <system-out/>
  <testcase classname="TestPackage.FbTestClass" name="testProfile" time="21.548"/>
  <system-out/>
</testsuite> <!-- TestPackage.FbTestClass -->
